Using pre-set license
Built from '2021.3/staging' branch; Version is '2021.3.15f1 (e8e88683f834) revision 15263878'; Using compiler version '192829333'; Build Type 'Release'
OS: 'Windows 11  (10.0.22621) 64bit Core' Language: 'ko' Physical Memory: 16145 MB
BatchMode: 1, IsHumanControllingUs: 0, StartBugReporterOnCrash: 0, Is64bit: 1, IsPro: 1

COMMAND LINE ARGUMENTS:
C:\Program Files\Unity\Hub\Editor\2021.3.15f1\Editor\Unity.exe
-adb2
-batchMode
-noUpm
-name
AssetImportWorker0
-projectPath
C:/Github/23_1_K-project/My project
-logFile
Logs/AssetImportWorker0.log
-srvPort
51335
Successfully changed project path to: C:/Github/23_1_K-project/My project
C:/Github/23_1_K-project/My project
[UnityMemory] Configuration Parameters - Can be set up in boot.config
    "memorysetup-bucket-allocator-granularity=16"
    "memorysetup-bucket-allocator-bucket-count=8"
    "memorysetup-bucket-allocator-block-size=33554432"
    "memorysetup-bucket-allocator-block-count=8"
    "memorysetup-main-allocator-block-size=16777216"
    "memorysetup-thread-allocator-block-size=16777216"
    "memorysetup-gfx-main-allocator-block-size=16777216"
    "memorysetup-gfx-thread-allocator-block-size=16777216"
    "memorysetup-cache-allocator-block-size=4194304"
    "memorysetup-typetree-allocator-block-size=2097152"
    "memorysetup-profiler-bucket-allocator-granularity=16"
    "memorysetup-profiler-bucket-allocator-bucket-count=8"
    "memorysetup-profiler-bucket-allocator-block-size=33554432"
    "memorysetup-profiler-bucket-allocator-block-count=8"
    "memorysetup-profiler-allocator-block-size=16777216"
    "memorysetup-profiler-editor-allocator-block-size=1048576"
    "memorysetup-temp-allocator-size-main=16777216"
    "memorysetup-job-temp-allocator-block-size=2097152"
    "memorysetup-job-temp-allocator-block-size-background=1048576"
    "memorysetup-job-temp-allocator-reduction-small-platforms=262144"
    "memorysetup-temp-allocator-size-background-worker=32768"
    "memorysetup-temp-allocator-size-job-worker=262144"
    "memorysetup-temp-allocator-size-preload-manager=33554432"
    "memorysetup-temp-allocator-size-nav-mesh-worker=65536"
    "memorysetup-temp-allocator-size-audio-worker=65536"
    "memorysetup-temp-allocator-size-cloud-worker=32768"
    "memorysetup-temp-allocator-size-gi-baking-worker=262144"
    "memorysetup-temp-allocator-size-gfx=262144"
Player connection [13460] Host "[IP] 172.30.1.81 [Port] 0 [Flags] 2 [Guid] 3640527836 [EditorId] 3640527836 [Version] 1048832 [Id] WindowsEditor(7,DESKTOP-28788C0) [Debug] 1 [PackageName] WindowsEditor [ProjectName] Editor" joined multi-casting on [225.0.0.222:54997]...

Player connection [13460] Host "[IP] 172.30.1.81 [Port] 0 [Flags] 2 [Guid] 3640527836 [EditorId] 3640527836 [Version] 1048832 [Id] WindowsEditor(7,DESKTOP-28788C0) [Debug] 1 [PackageName] WindowsEditor [ProjectName] Editor" joined alternative multi-casting on [225.0.0.222:34997]...

Refreshing native plugins compatible for Editor in 109.07 ms, found 4 plugins.
Preloading 0 native plugins for Editor in 0.00 ms.
Initialize engine version: 2021.3.15f1 (e8e88683f834)
[Subsystems] Discovering subsystems at path C:/Program Files/Unity/Hub/Editor/2021.3.15f1/Editor/Data/Resources/UnitySubsystems
[Subsystems] Discovering subsystems at path C:/Github/23_1_K-project/My project/Assets
GfxDevice: creating device client; threaded=0; jobified=0
Direct3D:
    Version:  Direct3D 11.0 [level 11.1]
    Renderer: Intel(R) Iris(R) Plus Graphics (ID=0x8a52)
    Vendor:   Intel
    VRAM:     8072 MB
    Driver:   27.20.100.8853
Initialize mono
Mono path[0] = 'C:/Program Files/Unity/Hub/Editor/2021.3.15f1/Editor/Data/Managed'
Mono path[1] = 'C:/Program Files/Unity/Hub/Editor/2021.3.15f1/Editor/Data/MonoBleedingEdge/lib/mono/unityjit-win32'
Mono config path = 'C:/Program Files/Unity/Hub/Editor/2021.3.15f1/Editor/Data/MonoBleedingEdge/etc'
Using monoOptions --debugger-agent=transport=dt_socket,embedding=1,server=y,suspend=n,address=127.0.0.1:56784
Begin MonoManager ReloadAssembly
Registering precompiled unity dll's ...
Register platform support module: C:/Program Files/Unity/Hub/Editor/2021.3.15f1/Editor/Data/PlaybackEngines/WindowsStandaloneSupport/UnityEditor.WindowsStandalone.Extensions.dll
Registered in 0.008605 seconds.
Native extension for WindowsStandalone target not found
Refreshing native plugins compatible for Editor in 100.51 ms, found 4 plugins.
Preloading 0 native plugins for Editor in 0.00 ms.
Mono: successfully reloaded assembly
- Completed reload, in  0.662 seconds
Domain Reload Profiling:
	ReloadAssembly (662ms)
		BeginReloadAssembly (79ms)
			ExecutionOrderSort (0ms)
			DisableScriptedObjects (0ms)
			BackupInstance (0ms)
			ReleaseScriptingObjects (0ms)
			CreateAndSetChildDomain (1ms)
		EndReloadAssembly (468ms)
			LoadAssemblies (76ms)
			RebuildTransferFunctionScriptingTraits (0ms)
			SetupTypeCache (109ms)
			ReleaseScriptCaches (0ms)
			RebuildScriptCaches (32ms)
			SetupLoadedEditorAssemblies (275ms)
				LogAssemblyErrors (0ms)
				InitializePlatformSupportModulesInManaged (8ms)
				SetLoadedEditorAssemblies (0ms)
				RefreshPlugins (101ms)
				BeforeProcessingInitializeOnLoad (1ms)
				ProcessInitializeOnLoadAttributes (120ms)
				ProcessInitializeOnLoadMethodAttributes (45ms)
				AfterProcessingInitializeOnLoad (0ms)
				EditorAssembliesLoaded (0ms)
			ExecutionOrderSort2 (0ms)
			AwakeInstancesAfterBackupRestoration (0ms)
Platform modules already initialized, skipping
Registering precompiled user dll's ...
Registered in 0.025346 seconds.
Begin MonoManager ReloadAssembly
Symbol file LoadedFromMemory doesn't match image C:\Github\23_1_K-project\My project\Library\PackageCache\com.unity.visualscripting@1.7.8\Editor\VisualScripting.Core\Dependencies\YamlDotNet\Unity.VisualScripting.YamlDotNet.dll
Symbol file LoadedFromMemory doesn't match image C:\Github\23_1_K-project\My project\Library\PackageCache\com.unity.visualscripting@1.7.8\Editor\VisualScripting.Core\Dependencies\DotNetZip\Unity.VisualScripting.IonicZip.dll
Native extension for WindowsStandalone target not found
Refreshing native plugins compatible for Editor in 108.52 ms, found 4 plugins.
Preloading 0 native plugins for Editor in 0.00 ms.
Mono: successfully reloaded assembly
- Completed reload, in  1.448 seconds
Domain Reload Profiling:
	ReloadAssembly (1449ms)
		BeginReloadAssembly (136ms)
			ExecutionOrderSort (0ms)
			DisableScriptedObjects (7ms)
			BackupInstance (0ms)
			ReleaseScriptingObjects (0ms)
			CreateAndSetChildDomain (21ms)
		EndReloadAssembly (1181ms)
			LoadAssemblies (185ms)
			RebuildTransferFunctionScriptingTraits (0ms)
			SetupTypeCache (257ms)
			ReleaseScriptCaches (1ms)
			RebuildScriptCaches (62ms)
			SetupLoadedEditorAssemblies (626ms)
				LogAssemblyErrors (0ms)
				InitializePlatformSupportModulesInManaged (5ms)
				SetLoadedEditorAssemblies (0ms)
				RefreshPlugins (109ms)
				BeforeProcessingInitializeOnLoad (127ms)
				ProcessInitializeOnLoadAttributes (311ms)
				ProcessInitializeOnLoadMethodAttributes (59ms)
				AfterProcessingInitializeOnLoad (14ms)
				EditorAssembliesLoaded (0ms)
			ExecutionOrderSort2 (0ms)
			AwakeInstancesAfterBackupRestoration (9ms)
Platform modules already initialized, skipping
========================================================================
Worker process is ready to serve import requests
Launched and connected shader compiler UnityShaderCompiler.exe after 0.04 seconds
Refreshing native plugins compatible for Editor in 0.65 ms, found 4 plugins.
Preloading 0 native plugins for Editor in 0.00 ms.
Unloading 4051 Unused Serialized files (Serialized files now loaded: 0)
Unloading 38 unused Assets / (56.0 KB). Loaded Objects now: 4507.
Memory consumption went from 150.7 MB to 150.7 MB.
Total: 3.856700 ms (FindLiveObjects: 0.315200 ms CreateObjectMapping: 0.189400 ms MarkObjects: 3.262600 ms  DeleteObjects: 0.087900 ms)

AssetImportParameters requested are different than current active one (requested -> active):
  custom:video-decoder-ogg-theora: a1e56fd34408186e4bbccfd4996cb3dc -> 
  custom:container-muxer-webm: aa71ff27fc2769a1b78a27578f13a17b -> 
  custom:container-demuxer-webm: 4f35f7cbe854078d1ac9338744f61a02 -> 
  custom:video-encoder-webm-vp8: eb34c28f22e8b96e1ab97ce403110664 -> 
  custom:video-codec-MediaFoundation-h265: 746d11721c4dcdbdad8f713fa42b33f4 -> 
  custom:audio-encoder-webm-vorbis: bf7c407c2cedff20999df2af8eb42d56 -> 
  custom:framework-win-MediaFoundation: 216162199b28c13a410421893ffa2e32 -> 
  custom:container-demuxer-ogg: 62fdf1f143b41e24485cea50d1cbac27 -> 
  custom:video-decoder-webm-vp8: 9c59270c3fd7afecdb556c50c9e8de78 -> 
  custom:audio-decoder-ogg-vorbis: bf7c407c2cedff20999df2af8eb42d56 -> 
========================================================================
Received Import Request.
  Time since last request: 7334.682046 seconds.
  path: Assets/Material/Player.png
  artifactKey: Guid(049cf85ce29105649a89fc006080b760) Importer(815301076,1909f56bfc062723c751e8b465ee728b)
Start importing Assets/Material/Player.png using Guid(049cf85ce29105649a89fc006080b760) Importer(815301076,1909f56bfc062723c751e8b465ee728b)  -> (artifact id: 'fe0b64b0bb87ae7d99a4db6bcf8bb35b') in 0.131542 seconds 
========================================================================
Received Import Request.
  Time since last request: 13.903753 seconds.
  path: Assets/Scenes
  artifactKey: Guid(131a6b21c8605f84396be9f6751fb6e3) Importer(815301076,1909f56bfc062723c751e8b465ee728b)
Start importing Assets/Scenes using Guid(131a6b21c8605f84396be9f6751fb6e3) Importer(815301076,1909f56bfc062723c751e8b465ee728b)  -> (artifact id: '4935f35005d3ccd51bf39964504ff1b7') in 0.004557 seconds 
========================================================================
Received Import Request.
  Time since last request: 1.081947 seconds.
  path: Assets/Scenes/Map4Scene.unity
  artifactKey: Guid(f50864733edd50e41b20b66a32a03ab8) Importer(815301076,1909f56bfc062723c751e8b465ee728b)
Start importing Assets/Scenes/Map4Scene.unity using Guid(f50864733edd50e41b20b66a32a03ab8) Importer(815301076,1909f56bfc062723c751e8b465ee728b)  -> (artifact id: '240936983bf715bc16e74dbc1fb7295b') in 0.004782 seconds 
========================================================================
Received Import Request.
  Time since last request: 35.444697 seconds.
  path: Assets/Material
  artifactKey: Guid(91a67b60b04b3ad4bb9d6983cbfa9ff8) Importer(815301076,1909f56bfc062723c751e8b465ee728b)
Start importing Assets/Material using Guid(91a67b60b04b3ad4bb9d6983cbfa9ff8) Importer(815301076,1909f56bfc062723c751e8b465ee728b)  -> (artifact id: '4cfc73728908aacb65470bd94c3367cd') in 0.005626 seconds 
========================================================================
Received Import Request.
  Time since last request: 0.785054 seconds.
  path: Assets/Material/Map
  artifactKey: Guid(19ad962f3aa39cb45bc0fdef52737503) Importer(815301076,1909f56bfc062723c751e8b465ee728b)
Start importing Assets/Material/Map using Guid(19ad962f3aa39cb45bc0fdef52737503) Importer(815301076,1909f56bfc062723c751e8b465ee728b)  -> (artifact id: '13662b92f629edd02b01eea8a75a7e16') in 0.005495 seconds 
========================================================================
Received Import Request.
  Time since last request: 1.205685 seconds.
  path: Assets/Material/Map/Map4
  artifactKey: Guid(1385dcefbb05d50408add790b4da7d44) Importer(815301076,1909f56bfc062723c751e8b465ee728b)
Start importing Assets/Material/Map/Map4 using Guid(1385dcefbb05d50408add790b4da7d44) Importer(815301076,1909f56bfc062723c751e8b465ee728b)  -> (artifact id: 'b970dcba3125f3a9d2be86184d313432') in 0.005416 seconds 
========================================================================
Received Import Request.
  Time since last request: 0.041760 seconds.
  path: Assets/Material/Map/Map4/도시맵-1.png
  artifactKey: Guid(2b5b4acb31a51ad4ea931c86e24b3da2) Importer(815301076,1909f56bfc062723c751e8b465ee728b)
Start importing Assets/Material/Map/Map4/도시맵-1.png using Guid(2b5b4acb31a51ad4ea931c86e24b3da2) Importer(815301076,1909f56bfc062723c751e8b465ee728b)  -> (artifact id: '39430300c0c5c792753898a0b17ae32b') in 0.193952 seconds 
========================================================================
Received Import Request.
  Time since last request: 0.000036 seconds.
  path: Assets/Material/Map/Map4/도시맵-3.png
  artifactKey: Guid(23c7e110362a8f74682fce36c19c7490) Importer(815301076,1909f56bfc062723c751e8b465ee728b)
Start importing Assets/Material/Map/Map4/도시맵-3.png using Guid(23c7e110362a8f74682fce36c19c7490) Importer(815301076,1909f56bfc062723c751e8b465ee728b)  -> (artifact id: '7f289729029097499f16c8d90a0b76fb') in 0.182927 seconds 
========================================================================
Received Import Request.
  Time since last request: 0.000043 seconds.
  path: Assets/Material/Map/Map4/도시맵-7.png
  artifactKey: Guid(1a5002654bd0ef6419190951c13e821d) Importer(815301076,1909f56bfc062723c751e8b465ee728b)
Start importing Assets/Material/Map/Map4/도시맵-7.png using Guid(1a5002654bd0ef6419190951c13e821d) Importer(815301076,1909f56bfc062723c751e8b465ee728b)  -> (artifact id: '8b1500d820748139e88a52430fcaf946') in 0.162427 seconds 
========================================================================
Received Import Request.
  Time since last request: 0.000023 seconds.
  path: Assets/Material/Map/Map4/도시맵-6.png
  artifactKey: Guid(89b924709d606b946a2eb64cd5b2b613) Importer(815301076,1909f56bfc062723c751e8b465ee728b)
Start importing Assets/Material/Map/Map4/도시맵-6.png using Guid(89b924709d606b946a2eb64cd5b2b613) Importer(815301076,1909f56bfc062723c751e8b465ee728b)  -> (artifact id: '1ec589ec9466fa28ba508274a991bfad') in 0.190767 seconds 
========================================================================
Received Import Request.
  Time since last request: 11.108826 seconds.
  path: Assets/Material/Map/Map8/황폐화 도시.png
  artifactKey: Guid(ac743116707145c458606c2f86859f74) Importer(815301076,1909f56bfc062723c751e8b465ee728b)
Start importing Assets/Material/Map/Map8/황폐화 도시.png using Guid(ac743116707145c458606c2f86859f74) Importer(815301076,1909f56bfc062723c751e8b465ee728b)  -> (artifact id: '368994dfa01073c2f95a06c0a6391657') in 0.031505 seconds 
========================================================================
Received Import Request.
  Time since last request: 238.858060 seconds.
  path: Assets/Material/Map/Map4/황폐도시맵-4.png
  artifactKey: Guid(062ab717b1f76a14599b57e90fd0f112) Importer(815301076,1909f56bfc062723c751e8b465ee728b)
Start importing Assets/Material/Map/Map4/황폐도시맵-4.png using Guid(062ab717b1f76a14599b57e90fd0f112) Importer(815301076,1909f56bfc062723c751e8b465ee728b)  -> (artifact id: 'e014e9c1985f0e63ee6ad45b501d891d') in 0.184233 seconds 
========================================================================
Received Import Request.
  Time since last request: 0.000038 seconds.
  path: Assets/Material/Map/Map4/황폐도시맵-6.png
  artifactKey: Guid(6902f768b5a89364eaf3ca620a417bb9) Importer(815301076,1909f56bfc062723c751e8b465ee728b)
Start importing Assets/Material/Map/Map4/황폐도시맵-6.png using Guid(6902f768b5a89364eaf3ca620a417bb9) Importer(815301076,1909f56bfc062723c751e8b465ee728b)  -> (artifact id: '302d6360fee72c953bb5ff92b0ef959a') in 0.300970 seconds 
========================================================================
Received Import Request.
  Time since last request: 0.000039 seconds.
  path: Assets/Material/Map/Map4/황폐도시맵-8.png
  artifactKey: Guid(07f76b5e234d8d94b8f88d075feba335) Importer(815301076,1909f56bfc062723c751e8b465ee728b)
Start importing Assets/Material/Map/Map4/황폐도시맵-8.png using Guid(07f76b5e234d8d94b8f88d075feba335) Importer(815301076,1909f56bfc062723c751e8b465ee728b)  -> (artifact id: '62324c7ed97d66746380c8760c249013') in 0.172839 seconds 
Editor requested this worker to shutdown with reason: Scaling down because of idle timeout
AssetImportWorker is now disconnected from the server
Process exiting
Exiting without the bug reporter. Application will terminate with return code 0