Using pre-set license
Built from '2021.3/staging' branch; Version is '2021.3.15f1 (e8e88683f834) revision 15263878'; Using compiler version '192829333'; Build Type 'Release'
OS: 'Windows 11  (10.0.22621) 64bit Professional' Language: 'ko' Physical Memory: 16163 MB
BatchMode: 1, IsHumanControllingUs: 0, StartBugReporterOnCrash: 0, Is64bit: 1, IsPro: 1

COMMAND LINE ARGUMENTS:
C:\Program Files\Unity\Hub\Editor\2021.3.15f1\Editor\Unity.exe
-adb2
-batchMode
-noUpm
-name
AssetImportWorker4
-projectPath
C:/Users/Excellent_Summer/Desktop/git/23_1_K-project/My project
-logFile
Logs/AssetImportWorker4.log
-srvPort
53628
Successfully changed project path to: C:/Users/Excellent_Summer/Desktop/git/23_1_K-project/My project
C:/Users/Excellent_Summer/Desktop/git/23_1_K-project/My project
[UnityMemory] Configuration Parameters - Can be set up in boot.config
    "memorysetup-bucket-allocator-granularity=16"
    "memorysetup-bucket-allocator-bucket-count=8"
    "memorysetup-bucket-allocator-block-size=33554432"
    "memorysetup-bucket-allocator-block-count=8"
    "memorysetup-main-allocator-block-size=16777216"
    "memorysetup-thread-allocator-block-size=16777216"
    "memorysetup-gfx-main-allocator-block-size=16777216"
    "memorysetup-gfx-thread-allocator-block-size=16777216"
    "memorysetup-cache-allocator-block-size=4194304"
    "memorysetup-typetree-allocator-block-size=2097152"
    "memorysetup-profiler-bucket-allocator-granularity=16"
    "memorysetup-profiler-bucket-allocator-bucket-count=8"
    "memorysetup-profiler-bucket-allocator-block-size=33554432"
    "memorysetup-profiler-bucket-allocator-block-count=8"
    "memorysetup-profiler-allocator-block-size=16777216"
    "memorysetup-profiler-editor-allocator-block-size=1048576"
    "memorysetup-temp-allocator-size-main=16777216"
    "memorysetup-job-temp-allocator-block-size=2097152"
    "memorysetup-job-temp-allocator-block-size-background=1048576"
    "memorysetup-job-temp-allocator-reduction-small-platforms=262144"
    "memorysetup-temp-allocator-size-background-worker=32768"
    "memorysetup-temp-allocator-size-job-worker=262144"
    "memorysetup-temp-allocator-size-preload-manager=33554432"
    "memorysetup-temp-allocator-size-nav-mesh-worker=65536"
    "memorysetup-temp-allocator-size-audio-worker=65536"
    "memorysetup-temp-allocator-size-cloud-worker=32768"
    "memorysetup-temp-allocator-size-gi-baking-worker=262144"
    "memorysetup-temp-allocator-size-gfx=262144"
Player connection [32472] Host "[IP] 172.25.224.1 [Port] 0 [Flags] 2 [Guid] 1960295272 [EditorId] 1960295272 [Version] 1048832 [Id] WindowsEditor(7,DESKTOP-IRJR4F0) [Debug] 1 [PackageName] WindowsEditor [ProjectName] Editor" joined multi-casting on [225.0.0.222:54997]...

Player connection [32472] Host "[IP] 172.25.224.1 [Port] 0 [Flags] 2 [Guid] 1960295272 [EditorId] 1960295272 [Version] 1048832 [Id] WindowsEditor(7,DESKTOP-IRJR4F0) [Debug] 1 [PackageName] WindowsEditor [ProjectName] Editor" joined alternative multi-casting on [225.0.0.222:34997]...

Refreshing native plugins compatible for Editor in 123.38 ms, found 4 plugins.
Preloading 0 native plugins for Editor in 0.00 ms.
Initialize engine version: 2021.3.15f1 (e8e88683f834)
[Subsystems] Discovering subsystems at path C:/Program Files/Unity/Hub/Editor/2021.3.15f1/Editor/Data/Resources/UnitySubsystems
[Subsystems] Discovering subsystems at path C:/Users/Excellent_Summer/Desktop/git/23_1_K-project/My project/Assets
GfxDevice: creating device client; threaded=0; jobified=0
Direct3D:
    Version:  Direct3D 11.0 [level 11.1]
    Renderer: NVIDIA GeForce GTX 1650 (ID=0x1f91)
    Vendor:   NVIDIA
    VRAM:     3952 MB
    Driver:   31.0.15.2737
Initialize mono
Mono path[0] = 'C:/Program Files/Unity/Hub/Editor/2021.3.15f1/Editor/Data/Managed'
Mono path[1] = 'C:/Program Files/Unity/Hub/Editor/2021.3.15f1/Editor/Data/MonoBleedingEdge/lib/mono/unityjit-win32'
Mono config path = 'C:/Program Files/Unity/Hub/Editor/2021.3.15f1/Editor/Data/MonoBleedingEdge/etc'
Using monoOptions --debugger-agent=transport=dt_socket,embedding=1,server=y,suspend=n,address=127.0.0.1:56008
Begin MonoManager ReloadAssembly
Registering precompiled unity dll's ...
Register platform support module: C:/Program Files/Unity/Hub/Editor/2021.3.15f1/Editor/Data/PlaybackEngines/WebGLSupport/UnityEditor.WebGL.Extensions.dll
Register platform support module: C:/Program Files/Unity/Hub/Editor/2021.3.15f1/Editor/Data/PlaybackEngines/WindowsStandaloneSupport/UnityEditor.WindowsStandalone.Extensions.dll
Registered in 0.013819 seconds.
Native extension for WindowsStandalone target not found
Native extension for WebGL target not found
Refreshing native plugins compatible for Editor in 105.66 ms, found 4 plugins.
Preloading 0 native plugins for Editor in 0.00 ms.
Mono: successfully reloaded assembly
- Completed reload, in  0.773 seconds
Domain Reload Profiling:
	ReloadAssembly (773ms)
		BeginReloadAssembly (86ms)
			ExecutionOrderSort (0ms)
			DisableScriptedObjects (0ms)
			BackupInstance (0ms)
			ReleaseScriptingObjects (0ms)
			CreateAndSetChildDomain (1ms)
		EndReloadAssembly (553ms)
			LoadAssemblies (82ms)
			RebuildTransferFunctionScriptingTraits (0ms)
			SetupTypeCache (120ms)
			ReleaseScriptCaches (0ms)
			RebuildScriptCaches (32ms)
			SetupLoadedEditorAssemblies (341ms)
				LogAssemblyErrors (0ms)
				InitializePlatformSupportModulesInManaged (12ms)
				SetLoadedEditorAssemblies (0ms)
				RefreshPlugins (106ms)
				BeforeProcessingInitializeOnLoad (2ms)
				ProcessInitializeOnLoadAttributes (165ms)
				ProcessInitializeOnLoadMethodAttributes (56ms)
				AfterProcessingInitializeOnLoad (0ms)
				EditorAssembliesLoaded (0ms)
			ExecutionOrderSort2 (0ms)
			AwakeInstancesAfterBackupRestoration (0ms)
Platform modules already initialized, skipping
Registering precompiled user dll's ...
Registered in 0.013906 seconds.
Begin MonoManager ReloadAssembly
Symbol file LoadedFromMemory doesn't match image C:\Users\Excellent_Summer\Desktop\git\23_1_K-project\My project\Library\PackageCache\com.unity.visualscripting@1.7.8\Editor\VisualScripting.Core\Dependencies\YamlDotNet\Unity.VisualScripting.YamlDotNet.dll
Symbol file LoadedFromMemory doesn't match image C:\Users\Excellent_Summer\Desktop\git\23_1_K-project\My project\Library\PackageCache\com.unity.visualscripting@1.7.8\Editor\VisualScripting.Core\Dependencies\DotNetZip\Unity.VisualScripting.IonicZip.dll
Native extension for WindowsStandalone target not found
Native extension for WebGL target not found
Refreshing native plugins compatible for Editor in 109.99 ms, found 4 plugins.
Preloading 0 native plugins for Editor in 0.00 ms.
Mono: successfully reloaded assembly
- Completed reload, in  1.385 seconds
Domain Reload Profiling:
	ReloadAssembly (1386ms)
		BeginReloadAssembly (124ms)
			ExecutionOrderSort (0ms)
			DisableScriptedObjects (6ms)
			BackupInstance (0ms)
			ReleaseScriptingObjects (0ms)
			CreateAndSetChildDomain (19ms)
		EndReloadAssembly (1122ms)
			LoadAssemblies (106ms)
			RebuildTransferFunctionScriptingTraits (0ms)
			SetupTypeCache (285ms)
			ReleaseScriptCaches (1ms)
			RebuildScriptCaches (64ms)
			SetupLoadedEditorAssemblies (609ms)
				LogAssemblyErrors (0ms)
				InitializePlatformSupportModulesInManaged (8ms)
				SetLoadedEditorAssemblies (0ms)
				RefreshPlugins (110ms)
				BeforeProcessingInitializeOnLoad (137ms)
				ProcessInitializeOnLoadAttributes (288ms)
				ProcessInitializeOnLoadMethodAttributes (50ms)
				AfterProcessingInitializeOnLoad (16ms)
				EditorAssembliesLoaded (0ms)
			ExecutionOrderSort2 (0ms)
			AwakeInstancesAfterBackupRestoration (11ms)
Platform modules already initialized, skipping
========================================================================
Worker process is ready to serve import requests
Launched and connected shader compiler UnityShaderCompiler.exe after 0.06 seconds
Refreshing native plugins compatible for Editor in 1.18 ms, found 4 plugins.
Preloading 0 native plugins for Editor in 0.00 ms.
Unloading 4051 Unused Serialized files (Serialized files now loaded: 0)
Unloading 38 unused Assets / (56.1 KB). Loaded Objects now: 4508.
Memory consumption went from 150.9 MB to 150.8 MB.
Total: 3.381400 ms (FindLiveObjects: 0.311800 ms CreateObjectMapping: 0.272600 ms MarkObjects: 2.720900 ms  DeleteObjects: 0.075100 ms)

AssetImportParameters requested are different than current active one (requested -> active):
  custom:video-decoder-ogg-theora: a1e56fd34408186e4bbccfd4996cb3dc -> 
  custom:container-muxer-webm: aa71ff27fc2769a1b78a27578f13a17b -> 
  custom:container-demuxer-webm: 4f35f7cbe854078d1ac9338744f61a02 -> 
  custom:video-encoder-webm-vp8: eb34c28f22e8b96e1ab97ce403110664 -> 
  custom:audio-encoder-webm-vorbis: bf7c407c2cedff20999df2af8eb42d56 -> 
  custom:framework-win-MediaFoundation: 216162199b28c13a410421893ffa2e32 -> 
  custom:container-demuxer-ogg: 62fdf1f143b41e24485cea50d1cbac27 -> 
  custom:video-decoder-webm-vp8: 9c59270c3fd7afecdb556c50c9e8de78 -> 
  custom:audio-decoder-ogg-vorbis: bf7c407c2cedff20999df2af8eb42d56 -> 
========================================================================
Received Import Request.
  Time since last request: 197506.306208 seconds.
  path: Assets/Scenes/Map1-1Scene.unity
  artifactKey: Guid(dcca723f06e80ca47b51766da58a6541) Importer(815301076,1909f56bfc062723c751e8b465ee728b)
Start importing Assets/Scenes/Map1-1Scene.unity using Guid(dcca723f06e80ca47b51766da58a6541) Importer(815301076,1909f56bfc062723c751e8b465ee728b)  -> (artifact id: '8d4453f2cb22a6e42cf85dffa15bd7ad') in 0.014764 seconds 
========================================================================
Received Import Request.
  Time since last request: 3.018705 seconds.
  path: Assets/Scenes/Map1-2Scene.unity
  artifactKey: Guid(acac47bf3fc463543adba506d2c2bd86) Importer(815301076,1909f56bfc062723c751e8b465ee728b)
Start importing Assets/Scenes/Map1-2Scene.unity using Guid(acac47bf3fc463543adba506d2c2bd86) Importer(815301076,1909f56bfc062723c751e8b465ee728b)  -> (artifact id: 'e7a40c26c7d41bf8fa4a19cc9d9a42cd') in 0.002171 seconds 
========================================================================
Received Import Request.
  Time since last request: 40.219726 seconds.
  path: Assets/Scenes/Map2Scene.unity
  artifactKey: Guid(f8f8d6b064b20dc488e44fa924e642a4) Importer(815301076,1909f56bfc062723c751e8b465ee728b)
Start importing Assets/Scenes/Map2Scene.unity using Guid(f8f8d6b064b20dc488e44fa924e642a4) Importer(815301076,1909f56bfc062723c751e8b465ee728b)  -> (artifact id: 'd2ef88ea3ba6645ffea33121a29b11c2') in 0.005912 seconds 
========================================================================
Received Import Request.
  Time since last request: 9.498482 seconds.
  path: Assets/Scenes/Map1-1Scene.unity
  artifactKey: Guid(dcca723f06e80ca47b51766da58a6541) Importer(815301076,1909f56bfc062723c751e8b465ee728b)
Start importing Assets/Scenes/Map1-1Scene.unity using Guid(dcca723f06e80ca47b51766da58a6541) Importer(815301076,1909f56bfc062723c751e8b465ee728b)  -> (artifact id: '0cdf4e520db9dea151c3cc02f25974c1') in 0.002309 seconds 
========================================================================
Received Import Request.
  Time since last request: 9.352239 seconds.
  path: Assets/Scenes/Map2Scene.unity
  artifactKey: Guid(f8f8d6b064b20dc488e44fa924e642a4) Importer(815301076,1909f56bfc062723c751e8b465ee728b)
Start importing Assets/Scenes/Map2Scene.unity using Guid(f8f8d6b064b20dc488e44fa924e642a4) Importer(815301076,1909f56bfc062723c751e8b465ee728b)  -> (artifact id: 'e437180a6e5524875149684e9be158f3') in 0.002410 seconds 
========================================================================
Received Import Request.
  Time since last request: 42.595897 seconds.
  path: Assets/Scenes/Map2Scene.unity
  artifactKey: Guid(f8f8d6b064b20dc488e44fa924e642a4) Importer(815301076,1909f56bfc062723c751e8b465ee728b)
Start importing Assets/Scenes/Map2Scene.unity using Guid(f8f8d6b064b20dc488e44fa924e642a4) Importer(815301076,1909f56bfc062723c751e8b465ee728b)  -> (artifact id: 'c9c4262bf45c5fe3a012577dc5287bd2') in 0.002270 seconds 
========================================================================
Received Import Request.
  Time since last request: 1.444015 seconds.
  path: Assets/Scenes/Map3Scene.unity
  artifactKey: Guid(020b20eae31663f4193d978bd4296e03) Importer(815301076,1909f56bfc062723c751e8b465ee728b)
Start importing Assets/Scenes/Map3Scene.unity using Guid(020b20eae31663f4193d978bd4296e03) Importer(815301076,1909f56bfc062723c751e8b465ee728b)  -> (artifact id: 'b291455e13e911f41f58fc728388c177') in 0.006480 seconds 
========================================================================
Received Import Request.
  Time since last request: 5.125718 seconds.
  path: Assets/Scenes/Map5Scene.unity
  artifactKey: Guid(faba2048164f19a468816a737a042525) Importer(815301076,1909f56bfc062723c751e8b465ee728b)
Start importing Assets/Scenes/Map5Scene.unity using Guid(faba2048164f19a468816a737a042525) Importer(815301076,1909f56bfc062723c751e8b465ee728b)  -> (artifact id: '54060b51b9261d0bf2eddb25cdbcf49d') in 0.005902 seconds 
========================================================================
Received Import Request.
  Time since last request: 0.740530 seconds.
  path: Assets/Scenes/Map6Scene.unity
  artifactKey: Guid(2a08bb980bd64c14e9fdd3f4a380cc7f) Importer(815301076,1909f56bfc062723c751e8b465ee728b)
Start importing Assets/Scenes/Map6Scene.unity using Guid(2a08bb980bd64c14e9fdd3f4a380cc7f) Importer(815301076,1909f56bfc062723c751e8b465ee728b)  -> (artifact id: 'dba6511daa5098ec39d7b9e087012f76') in 0.006407 seconds 
========================================================================
Received Import Request.
  Time since last request: 1.144610 seconds.
  path: Assets/Scenes/Map7Scene.unity
  artifactKey: Guid(e48a54928ecb2044fa159d4aa953e497) Importer(815301076,1909f56bfc062723c751e8b465ee728b)
Start importing Assets/Scenes/Map7Scene.unity using Guid(e48a54928ecb2044fa159d4aa953e497) Importer(815301076,1909f56bfc062723c751e8b465ee728b)  -> (artifact id: '9a79e0de8e739444e135e5b3b4c11cdb') in 0.006157 seconds 
========================================================================
Received Import Request.
  Time since last request: 0.555152 seconds.
  path: Assets/Scenes/Map8Scene.unity
  artifactKey: Guid(96d8f0321428ee94db7f5bc2ab0b538f) Importer(815301076,1909f56bfc062723c751e8b465ee728b)
Start importing Assets/Scenes/Map8Scene.unity using Guid(96d8f0321428ee94db7f5bc2ab0b538f) Importer(815301076,1909f56bfc062723c751e8b465ee728b)  -> (artifact id: '1d0b66539aa254a7b281702d6fdfc1fc') in 0.006729 seconds 
